Flow report for serial_uart
Mon Jan 17 13:08:41 2022
Quartus Prime Version 17.1.0 Build 590 10/25/2017 SJ Standard Edition


---------------------
; Table of Contents ;
---------------------
  1. Legal Notice
  2. Flow Summary
  3. Flow Settings
  4. Flow Non-Default Global Settings
  5. Flow Elapsed Time
  6. Flow OS Summary
  7. Flow Log
  8. Flow Messages
  9. Flow Suppressed Messages



----------------
; Legal Notice ;
----------------
Copyright (C) 2017  Intel Corporation. All rights reserved.
Your use of Intel Corporation's design tools, logic functions 
and other software and tools, and its AMPP partner logic 
functions, and any output files from any of the foregoing 
(including device programming or simulation files), and any 
associated documentation or information are expressly subject 
to the terms and conditions of the Intel Program License 
Subscription Agreement, the Intel Quartus Prime License Agreement,
the Intel FPGA IP License Agreement, or other applicable license
agreement, including, without limitation, that your use is for
the sole purpose of programming logic devices manufactured by
Intel and sold by Intel or its authorized distributors.  Please
refer to the applicable agreement for further details.



+-----------------------------------------------------------------------------------+
; Flow Summary                                                                      ;
+---------------------------------+-------------------------------------------------+
; Flow Status                     ; Successful - Mon Jan 17 13:08:27 2022           ;
; Quartus Prime Version           ; 17.1.0 Build 590 10/25/2017 SJ Standard Edition ;
; Revision Name                   ; serial_uart                                     ;
; Top-level Entity Name           ; top                                             ;
; Family                          ; Cyclone V                                       ;
; Device                          ; 5CEBA4F23C7                                     ;
; Timing Models                   ; Final                                           ;
; Logic utilization (in ALMs)     ; 1,189 / 18,480 ( 6 % )                          ;
; Total registers                 ; 1836                                            ;
; Total pins                      ; 11 / 224 ( 5 % )                                ;
; Total virtual pins              ; 0                                               ;
; Total block memory bits         ; 127,488 / 3,153,920 ( 4 % )                     ;
; Total DSP Blocks                ; 3 / 66 ( 5 % )                                  ;
; Total HSSI RX PCSs              ; 0                                               ;
; Total HSSI PMA RX Deserializers ; 0                                               ;
; Total HSSI TX PCSs              ; 0                                               ;
; Total HSSI PMA TX Serializers   ; 0                                               ;
; Total PLLs                      ; 0 / 4 ( 0 % )                                   ;
; Total DLLs                      ; 0 / 4 ( 0 % )                                   ;
+---------------------------------+-------------------------------------------------+


+-----------------------------------------+
; Flow Settings                           ;
+-------------------+---------------------+
; Option            ; Setting             ;
+-------------------+---------------------+
; Start date & time ; 01/17/2022 13:04:33 ;
; Main task         ; Compilation         ;
; Revision Name     ; serial_uart         ;
+-------------------+---------------------+


+------------------------------------------------------------------------------------------------------------------------------------------------+
; Flow Non-Default Global Settings                                                                                                               ;
+-------------------------------------+---------------------------------------------------------------+---------------+-------------+------------+
; Assignment Name                     ; Value                                                         ; Default Value ; Entity Name ; Section Id ;
+-------------------------------------+---------------------------------------------------------------+---------------+-------------+------------+
; COMPILER_SIGNATURE_ID               ; 88623642194968.164239947300008                                ; --            ; --          ; --         ;
; MAX_CORE_JUNCTION_TEMP              ; 85                                                            ; --            ; --          ; --         ;
; MIN_CORE_JUNCTION_TEMP              ; 0                                                             ; --            ; --          ; --         ;
; MISC_FILE                           ; serial_uart/synthesis/../serial_uart.cmp                      ; --            ; --          ; --         ;
; MISC_FILE                           ; serial_uart/synthesis/../../serial_uart.qsys                  ; --            ; --          ; --         ;
; PARTITION_COLOR                     ; -- (Not supported for targeted family)                        ; --            ; top         ; Top        ;
; PARTITION_FITTER_PRESERVATION_LEVEL ; -- (Not supported for targeted family)                        ; --            ; top         ; Top        ;
; PARTITION_NETLIST_TYPE              ; -- (Not supported for targeted family)                        ; --            ; top         ; Top        ;
; POWER_BOARD_THERMAL_MODEL           ; None (CONSERVATIVE)                                           ; --            ; --          ; --         ;
; POWER_PRESET_COOLING_SOLUTION       ; 23 MM HEAT SINK WITH 200 LFPM AIRFLOW                         ; --            ; --          ; --         ;
; PROJECT_OUTPUT_DIRECTORY            ; output_files                                                  ; --            ; --          ; --         ;
; SLD_FILE                            ; serial_uart/synthesis/serial_uart.regmap                      ; --            ; --          ; --         ;
; SLD_FILE                            ; serial_uart/synthesis/serial_uart.debuginfo                   ; --            ; --          ; --         ;
; SLD_INFO                            ; QSYS_NAME serial_uart HAS_SOPCINFO 1 GENERATION_ID 1642389683 ; --            ; --          ; --         ;
; SOPCINFO_FILE                       ; serial_uart/synthesis/../../serial_uart.sopcinfo              ; --            ; --          ; --         ;
; SYNTHESIS_ONLY_QIP                  ; On                                                            ; --            ; --          ; --         ;
; TOP_LEVEL_ENTITY                    ; top                                                           ; serial_uart   ; --          ; --         ;
+-------------------------------------+---------------------------------------------------------------+---------------+-------------+------------+


+-------------------------------------------------------------------------------------------------------------------------------+
; Flow Elapsed Time                                                                                                             ;
+---------------------------+--------------+-------------------------+---------------------+------------------------------------+
; Module Name               ; Elapsed Time ; Average Processors Used ; Peak Virtual Memory ; Total CPU Time (on all processors) ;
+---------------------------+--------------+-------------------------+---------------------+------------------------------------+
; Analysis & Synthesis      ; 00:02:00     ; 1.0                     ; 4998 MB             ; 00:02:34                           ;
; Fitter                    ; 00:01:43     ; 1.1                     ; 6088 MB             ; 00:03:11                           ;
; Assembler                 ; 00:00:07     ; 1.0                     ; 4842 MB             ; 00:00:05                           ;
; TimeQuest Timing Analyzer ; 00:00:13     ; 1.4                     ; 5113 MB             ; 00:00:16                           ;
; Total                     ; 00:04:03     ; --                      ; --                  ; 00:06:06                           ;
+---------------------------+--------------+-------------------------+---------------------+------------------------------------+


+-----------------------------------------------------------------------------------------+
; Flow OS Summary                                                                         ;
+---------------------------+------------------+------------+------------+----------------+
; Module Name               ; Machine Hostname ; OS Name    ; OS Version ; Processor type ;
+---------------------------+------------------+------------+------------+----------------+
; Analysis & Synthesis      ; DESKTOP-B5Q7SNB  ; Windows 10 ; 10.0       ; x86_64         ;
; Fitter                    ; DESKTOP-B5Q7SNB  ; Windows 10 ; 10.0       ; x86_64         ;
; Assembler                 ; DESKTOP-B5Q7SNB  ; Windows 10 ; 10.0       ; x86_64         ;
; TimeQuest Timing Analyzer ; DESKTOP-B5Q7SNB  ; Windows 10 ; 10.0       ; x86_64         ;
+---------------------------+------------------+------------+------------+----------------+


------------
; Flow Log ;
------------
quartus_map --read_settings_files=on --write_settings_files=off serial_uart -c serial_uart
quartus_fit --read_settings_files=off --write_settings_files=off serial_uart -c serial_uart
quartus_asm --read_settings_files=off --write_settings_files=off serial_uart -c serial_uart
quartus_sta serial_uart -c serial_uart



